

Started GET "/engines" for 127.0.0.1 at 2015-07-05 08:44:53 -0600
  [1m[36mActiveRecord::SchemaMigration Load (0.3ms)[0m  [1mSELECT "schema_migrations".* FROM "schema_migrations"[0m
Processing by EnginesController#index as HTML
  [1m[35mTag Load (0.3ms)[0m  SELECT "tags".* FROM "tags"
  [1m[36mEngine Load (0.5ms)[0m  [1mSELECT "engines".* FROM "engines"[0m
  [1m[35mLicense Load (0.3ms)[0m  SELECT  "licenses".* FROM "licenses" WHERE "licenses"."id" = ? LIMIT 1  [["id", 1]]
  [1m[36mEngineTag Load (0.3ms)[0m  [1mSELECT "engine_tags".* FROM "engine_tags" WHERE "engine_tags"."engine_id" = ?[0m  [["engine_id", 1]]
  [1m[35mTag Load (0.3ms)[0m  SELECT  "tags".* FROM "tags" WHERE "tags"."id" = ? LIMIT 1  [["id", 3]]
  [1m[36mTag Load (0.1ms)[0m  [1mSELECT  "tags".* FROM "tags" WHERE "tags"."id" = ? LIMIT 1[0m  [["id", 5]]
  [1m[35mTag Load (0.1ms)[0m  SELECT  "tags".* FROM "tags" WHERE "tags"."id" = ? LIMIT 1  [["id", 4]]
  [1m[36mLicense Load (0.1ms)[0m  [1mSELECT  "licenses".* FROM "licenses" WHERE "licenses"."id" = ? LIMIT 1[0m  [["id", 2]]
  [1m[35mEngineTag Load (0.1ms)[0m  SELECT "engine_tags".* FROM "engine_tags" WHERE "engine_tags"."engine_id" = ?  [["engine_id", 2]]
  [1m[36mCACHE (0.0ms)[0m  [1mSELECT  "tags".* FROM "tags" WHERE "tags"."id" = ? LIMIT 1[0m  [["id", 5]]
  [1m[35mTag Load (0.1ms)[0m  SELECT  "tags".* FROM "tags" WHERE "tags"."id" = ? LIMIT 1  [["id", 1]]
  [1m[36mCACHE (0.1ms)[0m  [1mSELECT  "licenses".* FROM "licenses" WHERE "licenses"."id" = ? LIMIT 1[0m  [["id", 2]]
  [1m[35mEngineTag Load (0.2ms)[0m  SELECT "engine_tags".* FROM "engine_tags" WHERE "engine_tags"."engine_id" = ?  [["engine_id", 3]]
  [1m[36mTag Load (0.1ms)[0m  [1mSELECT  "tags".* FROM "tags" WHERE "tags"."id" = ? LIMIT 1[0m  [["id", 2]]
  Rendered engines/index.html.erb within layouts/application (181.9ms)
  Rendered layouts/_top.html.erb (8.7ms)
  Rendered layouts/_sidebar.html.erb (3.5ms)
  Rendered layouts/_footer.html.erb (0.5ms)
Completed 200 OK in 252ms (Views: 212.1ms | ActiveRecord: 5.3ms)


Started GET "/engines" for 127.0.0.1 at 2015-07-05 08:44:53 -0600
Processing by EnginesController#index as HTML
  [1m[35mTag Load (0.3ms)[0m  SELECT "tags".* FROM "tags"
  [1m[36mEngine Load (0.3ms)[0m  [1mSELECT "engines".* FROM "engines"[0m
  [1m[35mLicense Load (0.2ms)[0m  SELECT  "licenses".* FROM "licenses" WHERE "licenses"."id" = ? LIMIT 1  [["id", 1]]
  [1m[36mEngineTag Load (0.1ms)[0m  [1mSELECT "engine_tags".* FROM "engine_tags" WHERE "engine_tags"."engine_id" = ?[0m  [["engine_id", 1]]
  [1m[35mTag Load (0.1ms)[0m  SELECT  "tags".* FROM "tags" WHERE "tags"."id" = ? LIMIT 1  [["id", 3]]
  [1m[36mTag Load (0.1ms)[0m  [1mSELECT  "tags".* FROM "tags" WHERE "tags"."id" = ? LIMIT 1[0m  [["id", 5]]
  [1m[35mTag Load (0.1ms)[0m  SELECT  "tags".* FROM "tags" WHERE "tags"."id" = ? LIMIT 1  [["id", 4]]
  [1m[36mLicense Load (0.1ms)[0m  [1mSELECT  "licenses".* FROM "licenses" WHERE "licenses"."id" = ? LIMIT 1[0m  [["id", 2]]
  [1m[35mEngineTag Load (0.1ms)[0m  SELECT "engine_tags".* FROM "engine_tags" WHERE "engine_tags"."engine_id" = ?  [["engine_id", 2]]
  [1m[36mCACHE (0.0ms)[0m  [1mSELECT  "tags".* FROM "tags" WHERE "tags"."id" = ? LIMIT 1[0m  [["id", 5]]
  [1m[35mTag Load (0.1ms)[0m  SELECT  "tags".* FROM "tags" WHERE "tags"."id" = ? LIMIT 1  [["id", 1]]
  [1m[36mCACHE (0.0ms)[0m  [1mSELECT  "licenses".* FROM "licenses" WHERE "licenses"."id" = ? LIMIT 1[0m  [["id", 2]]
  [1m[35mEngineTag Load (0.1ms)[0m  SELECT "engine_tags".* FROM "engine_tags" WHERE "engine_tags"."engine_id" = ?  [["engine_id", 3]]
  [1m[36mTag Load (0.1ms)[0m  [1mSELECT  "tags".* FROM "tags" WHERE "tags"."id" = ? LIMIT 1[0m  [["id", 2]]
  Rendered engines/index.html.erb within layouts/application (16.6ms)
  Rendered layouts/_top.html.erb (0.6ms)
  Rendered layouts/_sidebar.html.erb (0.8ms)
  Rendered layouts/_footer.html.erb (0.0ms)
Completed 200 OK in 24ms (Views: 21.3ms | ActiveRecord: 1.9ms)


Started GET "/users/sign_in" for 127.0.0.1 at 2015-07-05 08:45:07 -0600
Processing by Devise::SessionsController#new as HTML
  Rendered devise/sessions/new.html.erb within layouts/devise (33.2ms)
Completed 200 OK in 60ms (Views: 36.5ms | ActiveRecord: 0.5ms)


Started GET "/users/sign_in" for 127.0.0.1 at 2015-07-05 08:45:57 -0600
Processing by Devise::SessionsController#new as HTML
  Rendered devise/sessions/new.html.erb within layouts/devise (3.2ms)
Completed 200 OK in 7ms (Views: 5.7ms | ActiveRecord: 0.0ms)


Started POST "/users/sign_in" for 127.0.0.1 at 2015-07-05 08:46:02 -0600
Processing by Devise::SessionsController#create as HTML
  Parameters: {"utf8"=>"✓", "authenticity_token"=>"PHMLOv8Rgq6ySW3o4VT5BID6b1T6teIs7CdAUJiTTIeBmhRvz1zdc9sb1YDhz3koX5fuwDyQgxki5dndGPaiYA==", "user"=>{"email"=>"a@a.com", "password"=>"[FILTERED]", "remember_me"=>"0"}, "commit"=>"Sign In", "email"=>""}
  [1m[35mUser Load (0.5ms)[0m  SELECT  "users".* FROM "users" WHERE "users"."email" = ?  ORDER BY "users"."id" ASC LIMIT 1  [["email", "a@a.com"]]
  [1m[36m (0.2ms)[0m  [1mbegin transaction[0m
  [1m[35mSQL (0.8ms)[0m  UPDATE "users" SET "last_sign_in_at" = ?, "current_sign_in_at" = ?, "last_sign_in_ip" = ?, "current_sign_in_ip" = ?, "sign_in_count" = ?, "updated_at" = ? WHERE "users"."id" = ?  [["last_sign_in_at", "2015-07-05 12:17:08.341097"], ["current_sign_in_at", "2015-07-05 14:46:03.065401"], ["last_sign_in_ip", "::1"], ["current_sign_in_ip", "127.0.0.1"], ["sign_in_count", 3], ["updated_at", "2015-07-05 14:46:03.067567"], ["id", 1]]
  [1m[36m (143.0ms)[0m  [1mcommit transaction[0m
Redirected to http://localhost:3000/
Completed 302 Found in 336ms (ActiveRecord: 144.4ms)


Started GET "/" for 127.0.0.1 at 2015-07-05 08:46:03 -0600
Processing by HomeController#index as HTML
  Rendered home/index.html.erb within layouts/application (0.6ms)
  [1m[35mUser Load (0.4ms)[0m  SELECT  "users".* FROM "users" WHERE "users"."id" = ?  ORDER BY "users"."id" ASC LIMIT 1  [["id", 1]]
  Rendered layouts/_top.html.erb (2.3ms)
  Rendered layouts/_sidebar.html.erb (1.0ms)
  Rendered layouts/_footer.html.erb (0.1ms)
Completed 200 OK in 10ms (Views: 8.5ms | ActiveRecord: 0.4ms)


Started GET "/" for 127.0.0.1 at 2015-07-05 08:46:03 -0600
Processing by HomeController#index as HTML
  Rendered home/index.html.erb within layouts/application (0.1ms)
  [1m[36mUser Load (0.2ms)[0m  [1mSELECT  "users".* FROM "users" WHERE "users"."id" = ?  ORDER BY "users"."id" ASC LIMIT 1[0m  [["id", 1]]
  Rendered layouts/_top.html.erb (2.5ms)
  Rendered layouts/_sidebar.html.erb (1.8ms)
  Rendered layouts/_footer.html.erb (0.1ms)
Completed 200 OK in 23ms (Views: 22.0ms | ActiveRecord: 0.2ms)


Started GET "/engines/new" for 127.0.0.1 at 2015-07-05 08:46:09 -0600
Processing by EnginesController#new as HTML
  Rendered engines/_form.html.erb (32.1ms)
  Rendered engines/new.html.erb within layouts/application (33.8ms)
  [1m[35mUser Load (0.2ms)[0m  SELECT  "users".* FROM "users" WHERE "users"."id" = ?  ORDER BY "users"."id" ASC LIMIT 1  [["id", 1]]
  Rendered layouts/_top.html.erb (1.9ms)
  Rendered layouts/_sidebar.html.erb (1.0ms)
  Rendered layouts/_footer.html.erb (0.1ms)
Completed 200 OK in 44ms (Views: 42.7ms | ActiveRecord: 0.2ms)


Started GET "/engines/assets/img/ui-zac.jpg" for 127.0.0.1 at 2015-07-05 08:46:09 -0600

ActionController::RoutingError (No route matches [GET] "/engines/assets/img/ui-zac.jpg"):
  actionpack (4.2.1) lib/action_dispatch/middleware/debug_exceptions.rb:21:in `call'
  web-console (2.1.3) lib/web_console/middleware.rb:37:in `call'
  actionpack (4.2.1) lib/action_dispatch/middleware/show_exceptions.rb:30:in `call'
  railties (4.2.1) lib/rails/rack/logger.rb:38:in `call_app'
  railties (4.2.1) lib/rails/rack/logger.rb:20:in `block in call'
  activesupport (4.2.1) lib/active_support/tagged_logging.rb:68:in `block in tagged'
  activesupport (4.2.1) lib/active_support/tagged_logging.rb:26:in `tagged'
  activesupport (4.2.1) lib/active_support/tagged_logging.rb:68:in `tagged'
  railties (4.2.1) lib/rails/rack/logger.rb:20:in `call'
  actionpack (4.2.1) lib/action_dispatch/middleware/request_id.rb:21:in `call'
  rack (1.6.4) lib/rack/methodoverride.rb:22:in `call'
  rack (1.6.4) lib/rack/runtime.rb:18:in `call'
  activesupport (4.2.1) lib/active_support/cache/strategy/local_cache_middleware.rb:28:in `call'
  rack (1.6.4) lib/rack/lock.rb:17:in `call'
  actionpack (4.2.1) lib/action_dispatch/middleware/static.rb:113:in `call'
  rack (1.6.4) lib/rack/sendfile.rb:113:in `call'
  railties (4.2.1) lib/rails/engine.rb:518:in `call'
  railties (4.2.1) lib/rails/application.rb:164:in `call'
  rack (1.6.4) lib/rack/lock.rb:17:in `call'
  rack (1.6.4) lib/rack/content_length.rb:15:in `call'
  rack (1.6.4) lib/rack/handler/webrick.rb:88:in `service'
  /home/kenystev/.rvm/rubies/ruby-2.2.1/lib/ruby/2.2.0/webrick/httpserver.rb:138:in `service'
  /home/kenystev/.rvm/rubies/ruby-2.2.1/lib/ruby/2.2.0/webrick/httpserver.rb:94:in `run'
  /home/kenystev/.rvm/rubies/ruby-2.2.1/lib/ruby/2.2.0/webrick/server.rb:294:in `block in start_thread'


  Rendered /home/kenystev/.rvm/gems/ruby-2.2.1/gems/actionpack-4.2.1/lib/action_dispatch/middleware/templates/rescues/_trace.html.erb (2.5ms)
  Rendered /home/kenystev/.rvm/gems/ruby-2.2.1/gems/actionpack-4.2.1/lib/action_dispatch/middleware/templates/routes/_route.html.erb (21.4ms)
  Rendered /home/kenystev/.rvm/gems/ruby-2.2.1/gems/actionpack-4.2.1/lib/action_dispatch/middleware/templates/routes/_table.html.erb (6.7ms)
  Rendered /home/kenystev/.rvm/gems/ruby-2.2.1/gems/actionpack-4.2.1/lib/action_dispatch/middleware/templates/rescues/_request_and_response.html.erb (2.8ms)
  Rendered /home/kenystev/.rvm/gems/ruby-2.2.1/gems/actionpack-4.2.1/lib/action_dispatch/middleware/templates/rescues/routing_error.html.erb within rescues/layout (210.2ms)
  Rendered /home/kenystev/.rvm/gems/ruby-2.2.1/gems/web-console-2.1.3/lib/web_console/templates/_markup.html.erb (0.7ms)
  Rendered /home/kenystev/.rvm/gems/ruby-2.2.1/gems/web-console-2.1.3/lib/web_console/templates/style.css.erb within layouts/inlined_string (0.6ms)
  Rendered /home/kenystev/.rvm/gems/ruby-2.2.1/gems/web-console-2.1.3/lib/web_console/templates/_inner_console_markup.html.erb within layouts/inlined_string (0.6ms)
  Rendered /home/kenystev/.rvm/gems/ruby-2.2.1/gems/web-console-2.1.3/lib/web_console/templates/_prompt_box_markup.html.erb within layouts/inlined_string (0.5ms)
  Rendered /home/kenystev/.rvm/gems/ruby-2.2.1/gems/web-console-2.1.3/lib/web_console/templates/console.js.erb within layouts/javascript (30.1ms)
  Rendered /home/kenystev/.rvm/gems/ruby-2.2.1/gems/web-console-2.1.3/lib/web_console/templates/main.js.erb within layouts/javascript (0.5ms)
  Rendered /home/kenystev/.rvm/gems/ruby-2.2.1/gems/web-console-2.1.3/lib/web_console/templates/error_page.js.erb within layouts/javascript (0.8ms)
  Rendered /home/kenystev/.rvm/gems/ruby-2.2.1/gems/web-console-2.1.3/lib/web_console/templates/index.html.erb (62.2ms)


Started GET "/engines/assets/js/jquery.dcjqaccordion.2.7.js" for 127.0.0.1 at 2015-07-05 08:46:10 -0600

ActionController::RoutingError (No route matches [GET] "/engines/assets/js/jquery.dcjqaccordion.2.7.js"):
  actionpack (4.2.1) lib/action_dispatch/middleware/debug_exceptions.rb:21:in `call'
  web-console (2.1.3) lib/web_console/middleware.rb:37:in `call'
  actionpack (4.2.1) lib/action_dispatch/middleware/show_exceptions.rb:30:in `call'
  railties (4.2.1) lib/rails/rack/logger.rb:38:in `call_app'
  railties (4.2.1) lib/rails/rack/logger.rb:20:in `block in call'
  activesupport (4.2.1) lib/active_support/tagged_logging.rb:68:in `block in tagged'
  activesupport (4.2.1) lib/active_support/tagged_logging.rb:26:in `tagged'
  activesupport (4.2.1) lib/active_support/tagged_logging.rb:68:in `tagged'
  railties (4.2.1) lib/rails/rack/logger.rb:20:in `call'
  actionpack (4.2.1) lib/action_dispatch/middleware/request_id.rb:21:in `call'
  rack (1.6.4) lib/rack/methodoverride.rb:22:in `call'
  rack (1.6.4) lib/rack/runtime.rb:18:in `call'
  activesupport (4.2.1) lib/active_support/cache/strategy/local_cache_middleware.rb:28:in `call'
  rack (1.6.4) lib/rack/lock.rb:17:in `call'
  actionpack (4.2.1) lib/action_dispatch/middleware/static.rb:113:in `call'
  rack (1.6.4) lib/rack/sendfile.rb:113:in `call'
  railties (4.2.1) lib/rails/engine.rb:518:in `call'
  railties (4.2.1) lib/rails/application.rb:164:in `call'
  rack (1.6.4) lib/rack/lock.rb:17:in `call'
  rack (1.6.4) lib/rack/content_length.rb:15:in `call'
  rack (1.6.4) lib/rack/handler/webrick.rb:88:in `service'
  /home/kenystev/.rvm/rubies/ruby-2.2.1/lib/ruby/2.2.0/webrick/httpserver.rb:138:in `service'
  /home/kenystev/.rvm/rubies/ruby-2.2.1/lib/ruby/2.2.0/webrick/httpserver.rb:94:in `run'
  /home/kenystev/.rvm/rubies/ruby-2.2.1/lib/ruby/2.2.0/webrick/server.rb:294:in `block in start_thread'


  Rendered /home/kenystev/.rvm/gems/ruby-2.2.1/gems/actionpack-4.2.1/lib/action_dispatch/middleware/templates/rescues/_trace.html.erb (2.5ms)
  Rendered /home/kenystev/.rvm/gems/ruby-2.2.1/gems/actionpack-4.2.1/lib/action_dispatch/middleware/templates/routes/_route.html.erb (20.4ms)
  Rendered /home/kenystev/.rvm/gems/ruby-2.2.1/gems/actionpack-4.2.1/lib/action_dispatch/middleware/templates/routes/_table.html.erb (5.1ms)
  Rendered /home/kenystev/.rvm/gems/ruby-2.2.1/gems/actionpack-4.2.1/lib/action_dispatch/middleware/templates/rescues/_request_and_response.html.erb (2.0ms)
  Rendered /home/kenystev/.rvm/gems/ruby-2.2.1/gems/actionpack-4.2.1/lib/action_dispatch/middleware/templates/rescues/routing_error.html.erb within rescues/layout (158.1ms)
  Rendered /home/kenystev/.rvm/gems/ruby-2.2.1/gems/web-console-2.1.3/lib/web_console/templates/_markup.html.erb (0.7ms)
  Rendered /home/kenystev/.rvm/gems/ruby-2.2.1/gems/web-console-2.1.3/lib/web_console/templates/style.css.erb within layouts/inlined_string (0.5ms)
  Rendered /home/kenystev/.rvm/gems/ruby-2.2.1/gems/web-console-2.1.3/lib/web_console/templates/_inner_console_markup.html.erb within layouts/inlined_string (0.5ms)
  Rendered /home/kenystev/.rvm/gems/ruby-2.2.1/gems/web-console-2.1.3/lib/web_console/templates/_prompt_box_markup.html.erb within layouts/inlined_string (0.5ms)
  Rendered /home/kenystev/.rvm/gems/ruby-2.2.1/gems/web-console-2.1.3/lib/web_console/templates/console.js.erb within layouts/javascript (34.6ms)
  Rendered /home/kenystev/.rvm/gems/ruby-2.2.1/gems/web-console-2.1.3/lib/web_console/templates/main.js.erb within layouts/javascript (0.5ms)
  Rendered /home/kenystev/.rvm/gems/ruby-2.2.1/gems/web-console-2.1.3/lib/web_console/templates/error_page.js.erb within layouts/javascript (0.7ms)
  Rendered /home/kenystev/.rvm/gems/ruby-2.2.1/gems/web-console-2.1.3/lib/web_console/templates/index.html.erb (61.1ms)


Started GET "/engines/new" for 127.0.0.1 at 2015-07-05 08:46:10 -0600
Processing by EnginesController#new as HTML
  Rendered engines/_form.html.erb (4.5ms)
  Rendered engines/new.html.erb within layouts/application (5.9ms)
  [1m[36mUser Load (0.3ms)[0m  [1mSELECT  "users".* FROM "users" WHERE "users"."id" = ?  ORDER BY "users"."id" ASC LIMIT 1[0m  [["id", 1]]
  Rendered layouts/_top.html.erb (2.0ms)
  Rendered layouts/_sidebar.html.erb (1.0ms)
  Rendered layouts/_footer.html.erb (0.1ms)
Completed 200 OK in 16ms (Views: 14.5ms | ActiveRecord: 0.3ms)


Started GET "/users/sign_out" for 127.0.0.1 at 2015-07-05 08:46:13 -0600
Processing by Devise::SessionsController#destroy as HTML
  [1m[35mUser Load (0.2ms)[0m  SELECT  "users".* FROM "users" WHERE "users"."id" = ?  ORDER BY "users"."id" ASC LIMIT 1  [["id", 1]]
  [1m[36m (0.1ms)[0m  [1mbegin transaction[0m
  [1m[35m (0.1ms)[0m  commit transaction
Redirected to http://localhost:3000/
Completed 302 Found in 8ms (ActiveRecord: 0.4ms)


Started GET "/" for 127.0.0.1 at 2015-07-05 08:46:13 -0600
Processing by HomeController#index as HTML
  Rendered home/index.html.erb within layouts/application (0.1ms)
  Rendered layouts/_top.html.erb (0.7ms)
  Rendered layouts/_sidebar.html.erb (1.2ms)
  Rendered layouts/_footer.html.erb (0.1ms)
Completed 200 OK in 8ms (Views: 6.9ms | ActiveRecord: 0.0ms)


Started GET "/" for 127.0.0.1 at 2015-07-05 08:46:13 -0600
Processing by HomeController#index as HTML
  Rendered home/index.html.erb within layouts/application (0.1ms)
  Rendered layouts/_top.html.erb (0.6ms)
  Rendered layouts/_sidebar.html.erb (1.3ms)
  Rendered layouts/_footer.html.erb (0.1ms)
Completed 200 OK in 8ms (Views: 7.4ms | ActiveRecord: 0.0ms)


Started GET "/engines/new" for 127.0.0.1 at 2015-07-05 08:46:32 -0600
Processing by EnginesController#new as HTML
  Rendered engines/_form.html.erb (5.0ms)
  Rendered engines/new.html.erb within layouts/application (9.1ms)
  Rendered layouts/_top.html.erb (0.7ms)
  Rendered layouts/_sidebar.html.erb (1.2ms)
  Rendered layouts/_footer.html.erb (0.1ms)
Completed 200 OK in 19ms (Views: 17.5ms | ActiveRecord: 0.0ms)


Started GET "/engines/new" for 127.0.0.1 at 2015-07-05 08:46:32 -0600
Processing by EnginesController#new as HTML
  Rendered engines/_form.html.erb (7.6ms)
  Rendered engines/new.html.erb within layouts/application (10.1ms)
  Rendered layouts/_top.html.erb (0.6ms)
  Rendered layouts/_sidebar.html.erb (0.7ms)
  Rendered layouts/_footer.html.erb (0.1ms)
Completed 200 OK in 20ms (Views: 19.0ms | ActiveRecord: 0.0ms)


Started GET "/engines/assets/img/ui-zac.jpg" for 127.0.0.1 at 2015-07-05 08:46:32 -0600

ActionController::RoutingError (No route matches [GET] "/engines/assets/img/ui-zac.jpg"):
  actionpack (4.2.1) lib/action_dispatch/middleware/debug_exceptions.rb:21:in `call'
  web-console (2.1.3) lib/web_console/middleware.rb:37:in `call'
  actionpack (4.2.1) lib/action_dispatch/middleware/show_exceptions.rb:30:in `call'
  railties (4.2.1) lib/rails/rack/logger.rb:38:in `call_app'
  railties (4.2.1) lib/rails/rack/logger.rb:20:in `block in call'
  activesupport (4.2.1) lib/active_support/tagged_logging.rb:68:in `block in tagged'
  activesupport (4.2.1) lib/active_support/tagged_logging.rb:26:in `tagged'
  activesupport (4.2.1) lib/active_support/tagged_logging.rb:68:in `tagged'
  railties (4.2.1) lib/rails/rack/logger.rb:20:in `call'
  actionpack (4.2.1) lib/action_dispatch/middleware/request_id.rb:21:in `call'
  rack (1.6.4) lib/rack/methodoverride.rb:22:in `call'
  rack (1.6.4) lib/rack/runtime.rb:18:in `call'
  activesupport (4.2.1) lib/active_support/cache/strategy/local_cache_middleware.rb:28:in `call'
  rack (1.6.4) lib/rack/lock.rb:17:in `call'
  actionpack (4.2.1) lib/action_dispatch/middleware/static.rb:113:in `call'
  rack (1.6.4) lib/rack/sendfile.rb:113:in `call'
  railties (4.2.1) lib/rails/engine.rb:518:in `call'
  railties (4.2.1) lib/rails/application.rb:164:in `call'
  rack (1.6.4) lib/rack/lock.rb:17:in `call'
  rack (1.6.4) lib/rack/content_length.rb:15:in `call'
  rack (1.6.4) lib/rack/handler/webrick.rb:88:in `service'
  /home/kenystev/.rvm/rubies/ruby-2.2.1/lib/ruby/2.2.0/webrick/httpserver.rb:138:in `service'
  /home/kenystev/.rvm/rubies/ruby-2.2.1/lib/ruby/2.2.0/webrick/httpserver.rb:94:in `run'
  /home/kenystev/.rvm/rubies/ruby-2.2.1/lib/ruby/2.2.0/webrick/server.rb:294:in `block in start_thread'


  Rendered /home/kenystev/.rvm/gems/ruby-2.2.1/gems/actionpack-4.2.1/lib/action_dispatch/middleware/templates/rescues/_trace.html.erb (2.4ms)
  Rendered /home/kenystev/.rvm/gems/ruby-2.2.1/gems/actionpack-4.2.1/lib/action_dispatch/middleware/templates/routes/_route.html.erb (21.5ms)
  Rendered /home/kenystev/.rvm/gems/ruby-2.2.1/gems/actionpack-4.2.1/lib/action_dispatch/middleware/templates/routes/_table.html.erb (2.3ms)
  Rendered /home/kenystev/.rvm/gems/ruby-2.2.1/gems/actionpack-4.2.1/lib/action_dispatch/middleware/templates/rescues/_request_and_response.html.erb (2.2ms)
  Rendered /home/kenystev/.rvm/gems/ruby-2.2.1/gems/actionpack-4.2.1/lib/action_dispatch/middleware/templates/rescues/routing_error.html.erb within rescues/layout (158.2ms)
  Rendered /home/kenystev/.rvm/gems/ruby-2.2.1/gems/web-console-2.1.3/lib/web_console/templates/_markup.html.erb (0.8ms)
  Rendered /home/kenystev/.rvm/gems/ruby-2.2.1/gems/web-console-2.1.3/lib/web_console/templates/style.css.erb within layouts/inlined_string (0.6ms)
  Rendered /home/kenystev/.rvm/gems/ruby-2.2.1/gems/web-console-2.1.3/lib/web_console/templates/_inner_console_markup.html.erb within layouts/inlined_string (0.5ms)
  Rendered /home/kenystev/.rvm/gems/ruby-2.2.1/gems/web-console-2.1.3/lib/web_console/templates/_prompt_box_markup.html.erb within layouts/inlined_string (0.7ms)
  Rendered /home/kenystev/.rvm/gems/ruby-2.2.1/gems/web-console-2.1.3/lib/web_console/templates/console.js.erb within layouts/javascript (26.7ms)
  Rendered /home/kenystev/.rvm/gems/ruby-2.2.1/gems/web-console-2.1.3/lib/web_console/templates/main.js.erb within layouts/javascript (0.6ms)
  Rendered /home/kenystev/.rvm/gems/ruby-2.2.1/gems/web-console-2.1.3/lib/web_console/templates/error_page.js.erb within layouts/javascript (0.7ms)
  Rendered /home/kenystev/.rvm/gems/ruby-2.2.1/gems/web-console-2.1.3/lib/web_console/templates/index.html.erb (55.5ms)


Started GET "/engines/assets/js/jquery.dcjqaccordion.2.7.js" for 127.0.0.1 at 2015-07-05 08:46:32 -0600

ActionController::RoutingError (No route matches [GET] "/engines/assets/js/jquery.dcjqaccordion.2.7.js"):
  actionpack (4.2.1) lib/action_dispatch/middleware/debug_exceptions.rb:21:in `call'
  web-console (2.1.3) lib/web_console/middleware.rb:37:in `call'
  actionpack (4.2.1) lib/action_dispatch/middleware/show_exceptions.rb:30:in `call'
  railties (4.2.1) lib/rails/rack/logger.rb:38:in `call_app'
  railties (4.2.1) lib/rails/rack/logger.rb:20:in `block in call'
  activesupport (4.2.1) lib/active_support/tagged_logging.rb:68:in `block in tagged'
  activesupport (4.2.1) lib/active_support/tagged_logging.rb:26:in `tagged'
  activesupport (4.2.1) lib/active_support/tagged_logging.rb:68:in `tagged'
  railties (4.2.1) lib/rails/rack/logger.rb:20:in `call'
  actionpack (4.2.1) lib/action_dispatch/middleware/request_id.rb:21:in `call'
  rack (1.6.4) lib/rack/methodoverride.rb:22:in `call'
  rack (1.6.4) lib/rack/runtime.rb:18:in `call'
  activesupport (4.2.1) lib/active_support/cache/strategy/local_cache_middleware.rb:28:in `call'
  rack (1.6.4) lib/rack/lock.rb:17:in `call'
  actionpack (4.2.1) lib/action_dispatch/middleware/static.rb:113:in `call'
  rack (1.6.4) lib/rack/sendfile.rb:113:in `call'
  railties (4.2.1) lib/rails/engine.rb:518:in `call'
  railties (4.2.1) lib/rails/application.rb:164:in `call'
  rack (1.6.4) lib/rack/lock.rb:17:in `call'
  rack (1.6.4) lib/rack/content_length.rb:15:in `call'
  rack (1.6.4) lib/rack/handler/webrick.rb:88:in `service'
  /home/kenystev/.rvm/rubies/ruby-2.2.1/lib/ruby/2.2.0/webrick/httpserver.rb:138:in `service'
  /home/kenystev/.rvm/rubies/ruby-2.2.1/lib/ruby/2.2.0/webrick/httpserver.rb:94:in `run'
  /home/kenystev/.rvm/rubies/ruby-2.2.1/lib/ruby/2.2.0/webrick/server.rb:294:in `block in start_thread'


  Rendered /home/kenystev/.rvm/gems/ruby-2.2.1/gems/actionpack-4.2.1/lib/action_dispatch/middleware/templates/rescues/_trace.html.erb (2.5ms)
  Rendered /home/kenystev/.rvm/gems/ruby-2.2.1/gems/actionpack-4.2.1/lib/action_dispatch/middleware/templates/routes/_route.html.erb (20.5ms)
  Rendered /home/kenystev/.rvm/gems/ruby-2.2.1/gems/actionpack-4.2.1/lib/action_dispatch/middleware/templates/routes/_table.html.erb (2.3ms)
  Rendered /home/kenystev/.rvm/gems/ruby-2.2.1/gems/actionpack-4.2.1/lib/action_dispatch/middleware/templates/rescues/_request_and_response.html.erb (2.1ms)
  Rendered /home/kenystev/.rvm/gems/ruby-2.2.1/gems/actionpack-4.2.1/lib/action_dispatch/middleware/templates/rescues/routing_error.html.erb within rescues/layout (156.9ms)
  Rendered /home/kenystev/.rvm/gems/ruby-2.2.1/gems/web-console-2.1.3/lib/web_console/templates/_markup.html.erb (1.0ms)
  Rendered /home/kenystev/.rvm/gems/ruby-2.2.1/gems/web-console-2.1.3/lib/web_console/templates/style.css.erb within layouts/inlined_string (0.6ms)
  Rendered /home/kenystev/.rvm/gems/ruby-2.2.1/gems/web-console-2.1.3/lib/web_console/templates/_inner_console_markup.html.erb within layouts/inlined_string (0.5ms)
  Rendered /home/kenystev/.rvm/gems/ruby-2.2.1/gems/web-console-2.1.3/lib/web_console/templates/_prompt_box_markup.html.erb within layouts/inlined_string (0.5ms)
  Rendered /home/kenystev/.rvm/gems/ruby-2.2.1/gems/web-console-2.1.3/lib/web_console/templates/console.js.erb within layouts/javascript (26.0ms)
  Rendered /home/kenystev/.rvm/gems/ruby-2.2.1/gems/web-console-2.1.3/lib/web_console/templates/main.js.erb within layouts/javascript (0.6ms)
  Rendered /home/kenystev/.rvm/gems/ruby-2.2.1/gems/web-console-2.1.3/lib/web_console/templates/error_page.js.erb within layouts/javascript (0.7ms)
  Rendered /home/kenystev/.rvm/gems/ruby-2.2.1/gems/web-console-2.1.3/lib/web_console/templates/index.html.erb (54.6ms)


Started GET "/" for 127.0.0.1 at 2015-07-05 08:46:41 -0600
Processing by HomeController#index as HTML
  Rendered home/index.html.erb within layouts/application (0.1ms)
  Rendered layouts/_top.html.erb (7.2ms)
  Rendered layouts/_sidebar.html.erb (0.8ms)
  Rendered layouts/_footer.html.erb (0.1ms)
Completed 200 OK in 26ms (Views: 24.8ms | ActiveRecord: 0.0ms)


Started GET "/" for 127.0.0.1 at 2015-07-05 08:46:41 -0600
Processing by HomeController#index as HTML
  Rendered home/index.html.erb within layouts/application (0.1ms)
  Rendered layouts/_top.html.erb (1.0ms)
  Rendered layouts/_sidebar.html.erb (0.7ms)
  Rendered layouts/_footer.html.erb (0.1ms)
Completed 200 OK in 10ms (Views: 9.0ms | ActiveRecord: 0.0ms)


Started GET "/" for 127.0.0.1 at 2015-07-05 08:58:40 -0600
Processing by HomeController#index as HTML
  Rendered home/index.html.erb within layouts/application (0.1ms)
  Rendered layouts/_top.html.erb (0.7ms)
  Rendered layouts/_sidebar.html.erb (0.7ms)
  Rendered layouts/_footer.html.erb (0.1ms)
Completed 200 OK in 11ms (Views: 9.7ms | ActiveRecord: 0.0ms)


Started GET "/" for 127.0.0.1 at 2015-07-05 08:58:41 -0600
Processing by HomeController#index as HTML
  Rendered home/index.html.erb within layouts/application (0.1ms)
  Rendered layouts/_top.html.erb (4.1ms)
  Rendered layouts/_sidebar.html.erb (1.0ms)
  Rendered layouts/_footer.html.erb (0.1ms)
Completed 200 OK in 13ms (Views: 11.8ms | ActiveRecord: 0.0ms)


Started GET "/engines/new" for 127.0.0.1 at 2015-07-05 08:58:46 -0600
Processing by EnginesController#new as HTML
  [1m[36mEngine Load (1.0ms)[0m  [1mSELECT "engines".* FROM "engines"[0m
  Rendered engines/_form.html.erb (22.5ms)
  Rendered engines/new.html.erb within layouts/application (23.5ms)
Completed 500 Internal Server Error in 41ms (ActiveRecord: 1.7ms)

ActionView::Template::Error (undefined method `to_key' for #<Engine::ActiveRecord_Relation:0x007f6ef07e5098>):
    1: <%= form_for(@engine) do |f| %>
    2:   <% if @engine.errors.any? %>
    3:     <div id="error_explanation">
    4:       <h2><%= pluralize(@engine.errors.count, "error") %> prohibited this engine from being saved:</h2>
  app/views/engines/_form.html.erb:1:in `_app_views_engines__form_html_erb___2922839071436424018_70057231118620'
  app/views/engines/new.html.erb:5:in `_app_views_engines_new_html_erb___2059017598696873355_70057231091520'


  Rendered /home/kenystev/.rvm/gems/ruby-2.2.1/gems/actionpack-4.2.1/lib/action_dispatch/middleware/templates/rescues/_source.erb (25.0ms)
  Rendered /home/kenystev/.rvm/gems/ruby-2.2.1/gems/actionpack-4.2.1/lib/action_dispatch/middleware/templates/rescues/_trace.html.erb (8.2ms)
  Rendered /home/kenystev/.rvm/gems/ruby-2.2.1/gems/actionpack-4.2.1/lib/action_dispatch/middleware/templates/rescues/_request_and_response.html.erb (1.6ms)
  Rendered /home/kenystev/.rvm/gems/ruby-2.2.1/gems/actionpack-4.2.1/lib/action_dispatch/middleware/templates/rescues/template_error.html.erb within rescues/layout (58.7ms)
  Rendered /home/kenystev/.rvm/gems/ruby-2.2.1/gems/web-console-2.1.3/lib/web_console/templates/_markup.html.erb (0.7ms)
  Rendered /home/kenystev/.rvm/gems/ruby-2.2.1/gems/web-console-2.1.3/lib/web_console/templates/style.css.erb within layouts/inlined_string (0.6ms)
  Rendered /home/kenystev/.rvm/gems/ruby-2.2.1/gems/web-console-2.1.3/lib/web_console/templates/_inner_console_markup.html.erb within layouts/inlined_string (0.5ms)
  Rendered /home/kenystev/.rvm/gems/ruby-2.2.1/gems/web-console-2.1.3/lib/web_console/templates/_prompt_box_markup.html.erb within layouts/inlined_string (0.5ms)
  Rendered /home/kenystev/.rvm/gems/ruby-2.2.1/gems/web-console-2.1.3/lib/web_console/templates/console.js.erb within layouts/javascript (26.1ms)
  Rendered /home/kenystev/.rvm/gems/ruby-2.2.1/gems/web-console-2.1.3/lib/web_console/templates/main.js.erb within layouts/javascript (0.6ms)
  Rendered /home/kenystev/.rvm/gems/ruby-2.2.1/gems/web-console-2.1.3/lib/web_console/templates/error_page.js.erb within layouts/javascript (0.6ms)
  Rendered /home/kenystev/.rvm/gems/ruby-2.2.1/gems/web-console-2.1.3/lib/web_console/templates/index.html.erb (51.5ms)


Started GET "/engines/new" for 127.0.0.1 at 2015-07-05 08:59:28 -0600
Processing by EnginesController#new as HTML
  Rendered engines/_form.html.erb (2.3ms)
  Rendered engines/new.html.erb within layouts/application (3.3ms)
Completed 500 Internal Server Error in 22ms (ActiveRecord: 0.0ms)

ActionView::Template::Error (First argument in form cannot contain nil or be empty):
    1: <%= form_for(@engine) do |f| %>
    2:   <% if @engine.errors.any? %>
    3:     <div id="error_explanation">
    4:       <h2><%= pluralize(@engine.errors.count, "error") %> prohibited this engine from being saved:</h2>
  app/views/engines/_form.html.erb:1:in `_app_views_engines__form_html_erb___2922839071436424018_70057231118620'
  app/views/engines/new.html.erb:5:in `_app_views_engines_new_html_erb___2059017598696873355_70057231091520'


  Rendered /home/kenystev/.rvm/gems/ruby-2.2.1/gems/actionpack-4.2.1/lib/action_dispatch/middleware/templates/rescues/_source.erb (14.2ms)
  Rendered /home/kenystev/.rvm/gems/ruby-2.2.1/gems/actionpack-4.2.1/lib/action_dispatch/middleware/templates/rescues/_trace.html.erb (5.4ms)
  Rendered /home/kenystev/.rvm/gems/ruby-2.2.1/gems/actionpack-4.2.1/lib/action_dispatch/middleware/templates/rescues/_request_and_response.html.erb (1.6ms)
  Rendered /home/kenystev/.rvm/gems/ruby-2.2.1/gems/actionpack-4.2.1/lib/action_dispatch/middleware/templates/rescues/template_error.html.erb within rescues/layout (42.5ms)
  Rendered /home/kenystev/.rvm/gems/ruby-2.2.1/gems/web-console-2.1.3/lib/web_console/templates/_markup.html.erb (0.7ms)
  Rendered /home/kenystev/.rvm/gems/ruby-2.2.1/gems/web-console-2.1.3/lib/web_console/templates/style.css.erb within layouts/inlined_string (0.6ms)
  Rendered /home/kenystev/.rvm/gems/ruby-2.2.1/gems/web-console-2.1.3/lib/web_console/templates/_inner_console_markup.html.erb within layouts/inlined_string (0.6ms)
  Rendered /home/kenystev/.rvm/gems/ruby-2.2.1/gems/web-console-2.1.3/lib/web_console/templates/_prompt_box_markup.html.erb within layouts/inlined_string (0.9ms)
  Rendered /home/kenystev/.rvm/gems/ruby-2.2.1/gems/web-console-2.1.3/lib/web_console/templates/console.js.erb within layouts/javascript (26.6ms)
  Rendered /home/kenystev/.rvm/gems/ruby-2.2.1/gems/web-console-2.1.3/lib/web_console/templates/main.js.erb within layouts/javascript (0.5ms)
  Rendered /home/kenystev/.rvm/gems/ruby-2.2.1/gems/web-console-2.1.3/lib/web_console/templates/error_page.js.erb within layouts/javascript (0.7ms)
  Rendered /home/kenystev/.rvm/gems/ruby-2.2.1/gems/web-console-2.1.3/lib/web_console/templates/index.html.erb (53.1ms)


Started GET "/engines" for 127.0.0.1 at 2015-07-05 09:00:42 -0600
Processing by EnginesController#index as HTML
  [1m[35mTag Load (1.0ms)[0m  SELECT "tags".* FROM "tags"
  [1m[36mEngine Load (0.5ms)[0m  [1mSELECT "engines".* FROM "engines"[0m
  [1m[35mLicense Load (0.3ms)[0m  SELECT  "licenses".* FROM "licenses" WHERE "licenses"."id" = ? LIMIT 1  [["id", 1]]
  [1m[36mEngineTag Load (0.2ms)[0m  [1mSELECT "engine_tags".* FROM "engine_tags" WHERE "engine_tags"."engine_id" = ?[0m  [["engine_id", 1]]
  [1m[35mTag Load (0.3ms)[0m  SELECT  "tags".* FROM "tags" WHERE "tags"."id" = ? LIMIT 1  [["id", 3]]
  [1m[36mTag Load (0.1ms)[0m  [1mSELECT  "tags".* FROM "tags" WHERE "tags"."id" = ? LIMIT 1[0m  [["id", 5]]
  [1m[35mTag Load (0.1ms)[0m  SELECT  "tags".* FROM "tags" WHERE "tags"."id" = ? LIMIT 1  [["id", 4]]
  [1m[36mLicense Load (0.2ms)[0m  [1mSELECT  "licenses".* FROM "licenses" WHERE "licenses"."id" = ? LIMIT 1[0m  [["id", 2]]
  [1m[35mEngineTag Load (0.1ms)[0m  SELECT "engine_tags".* FROM "engine_tags" WHERE "engine_tags"."engine_id" = ?  [["engine_id", 2]]
  [1m[36mCACHE (0.0ms)[0m  [1mSELECT  "tags".* FROM "tags" WHERE "tags"."id" = ? LIMIT 1[0m  [["id", 5]]
  [1m[35mTag Load (0.1ms)[0m  SELECT  "tags".* FROM "tags" WHERE "tags"."id" = ? LIMIT 1  [["id", 1]]
  [1m[36mCACHE (0.0ms)[0m  [1mSELECT  "licenses".* FROM "licenses" WHERE "licenses"."id" = ? LIMIT 1[0m  [["id", 2]]
  [1m[35mEngineTag Load (0.1ms)[0m  SELECT "engine_tags".* FROM "engine_tags" WHERE "engine_tags"."engine_id" = ?  [["engine_id", 3]]
  [1m[36mTag Load (0.1ms)[0m  [1mSELECT  "tags".* FROM "tags" WHERE "tags"."id" = ? LIMIT 1[0m  [["id", 2]]
  Rendered engines/index.html.erb within layouts/application (70.2ms)
  Rendered layouts/_top.html.erb (0.6ms)
  Rendered layouts/_sidebar.html.erb (0.7ms)
  Rendered layouts/_footer.html.erb (0.1ms)
Completed 200 OK in 93ms (Views: 74.6ms | ActiveRecord: 5.5ms)


Started GET "/engines" for 127.0.0.1 at 2015-07-05 09:00:42 -0600
Processing by EnginesController#index as HTML
  [1m[35mTag Load (0.3ms)[0m  SELECT "tags".* FROM "tags"
  [1m[36mEngine Load (0.2ms)[0m  [1mSELECT "engines".* FROM "engines"[0m
  [1m[35mLicense Load (0.3ms)[0m  SELECT  "licenses".* FROM "licenses" WHERE "licenses"."id" = ? LIMIT 1  [["id", 1]]
  [1m[36mEngineTag Load (0.3ms)[0m  [1mSELECT "engine_tags".* FROM "engine_tags" WHERE "engine_tags"."engine_id" = ?[0m  [["engine_id", 1]]
  [1m[35mTag Load (0.2ms)[0m  SELECT  "tags".* FROM "tags" WHERE "tags"."id" = ? LIMIT 1  [["id", 3]]
  [1m[36mTag Load (0.2ms)[0m  [1mSELECT  "tags".* FROM "tags" WHERE "tags"."id" = ? LIMIT 1[0m  [["id", 5]]
  [1m[35mTag Load (0.1ms)[0m  SELECT  "tags".* FROM "tags" WHERE "tags"."id" = ? LIMIT 1  [["id", 4]]
  [1m[36mLicense Load (0.1ms)[0m  [1mSELECT  "licenses".* FROM "licenses" WHERE "licenses"."id" = ? LIMIT 1[0m  [["id", 2]]
  [1m[35mEngineTag Load (0.1ms)[0m  SELECT "engine_tags".* FROM "engine_tags" WHERE "engine_tags"."engine_id" = ?  [["engine_id", 2]]
  [1m[36mCACHE (0.0ms)[0m  [1mSELECT  "tags".* FROM "tags" WHERE "tags"."id" = ? LIMIT 1[0m  [["id", 5]]
  [1m[35mTag Load (0.2ms)[0m  SELECT  "tags".* FROM "tags" WHERE "tags"."id" = ? LIMIT 1  [["id", 1]]
  [1m[36mCACHE (0.0ms)[0m  [1mSELECT  "licenses".* FROM "licenses" WHERE "licenses"."id" = ? LIMIT 1[0m  [["id", 2]]
  [1m[35mEngineTag Load (0.2ms)[0m  SELECT "engine_tags".* FROM "engine_tags" WHERE "engine_tags"."engine_id" = ?  [["engine_id", 3]]
  [1m[36mTag Load (0.1ms)[0m  [1mSELECT  "tags".* FROM "tags" WHERE "tags"."id" = ? LIMIT 1[0m  [["id", 2]]
  Rendered engines/index.html.erb within layouts/application (28.4ms)
  Rendered layouts/_top.html.erb (0.6ms)
  Rendered layouts/_sidebar.html.erb (0.6ms)
  Rendered layouts/_footer.html.erb (0.1ms)
Completed 200 OK in 38ms (Views: 33.8ms | ActiveRecord: 2.5ms)


Started GET "/engines/new" for 127.0.0.1 at 2015-07-05 09:00:46 -0600
Processing by EnginesController#new as HTML
Completed 500 Internal Server Error in 2ms (ActiveRecord: 0.0ms)

NoMethodError (undefined method `inactived' for #<Class:0x007f6eec309168>):
  app/controllers/engines_controller.rb:20:in `new'


  Rendered /home/kenystev/.rvm/gems/ruby-2.2.1/gems/actionpack-4.2.1/lib/action_dispatch/middleware/templates/rescues/_source.erb (15.7ms)
  Rendered /home/kenystev/.rvm/gems/ruby-2.2.1/gems/actionpack-4.2.1/lib/action_dispatch/middleware/templates/rescues/_trace.html.erb (6.7ms)
  Rendered /home/kenystev/.rvm/gems/ruby-2.2.1/gems/actionpack-4.2.1/lib/action_dispatch/middleware/templates/rescues/_request_and_response.html.erb (1.7ms)
  Rendered /home/kenystev/.rvm/gems/ruby-2.2.1/gems/actionpack-4.2.1/lib/action_dispatch/middleware/templates/rescues/diagnostics.html.erb within rescues/layout (57.3ms)
  Rendered /home/kenystev/.rvm/gems/ruby-2.2.1/gems/web-console-2.1.3/lib/web_console/templates/_markup.html.erb (0.6ms)
  Rendered /home/kenystev/.rvm/gems/ruby-2.2.1/gems/web-console-2.1.3/lib/web_console/templates/style.css.erb within layouts/inlined_string (0.6ms)
  Rendered /home/kenystev/.rvm/gems/ruby-2.2.1/gems/web-console-2.1.3/lib/web_console/templates/_inner_console_markup.html.erb within layouts/inlined_string (0.9ms)
  Rendered /home/kenystev/.rvm/gems/ruby-2.2.1/gems/web-console-2.1.3/lib/web_console/templates/_prompt_box_markup.html.erb within layouts/inlined_string (0.6ms)
  Rendered /home/kenystev/.rvm/gems/ruby-2.2.1/gems/web-console-2.1.3/lib/web_console/templates/console.js.erb within layouts/javascript (28.1ms)
  Rendered /home/kenystev/.rvm/gems/ruby-2.2.1/gems/web-console-2.1.3/lib/web_console/templates/main.js.erb within layouts/javascript (0.5ms)
  Rendered /home/kenystev/.rvm/gems/ruby-2.2.1/gems/web-console-2.1.3/lib/web_console/templates/error_page.js.erb within layouts/javascript (0.8ms)
  Rendered /home/kenystev/.rvm/gems/ruby-2.2.1/gems/web-console-2.1.3/lib/web_console/templates/index.html.erb (54.0ms)


Started GET "/games" for 127.0.0.1 at 2015-07-05 12:35:06 -0600
  [1m[36mActiveRecord::SchemaMigration Load (0.3ms)[0m  [1mSELECT "schema_migrations".* FROM "schema_migrations"[0m
Processing by GamesController#index as HTML
  [1m[35mTag Load (0.3ms)[0m  SELECT "tags".* FROM "tags"
  [1m[36mGame Load (0.3ms)[0m  [1mSELECT "games".* FROM "games"[0m
  [1m[35mLicense Load (0.3ms)[0m  SELECT  "licenses".* FROM "licenses" WHERE "licenses"."id" = ? LIMIT 1  [["id", 1]]
  [1m[36mGameTag Load (0.3ms)[0m  [1mSELECT "game_tags".* FROM "game_tags" WHERE "game_tags"."game_id" = ?[0m  [["game_id", 1]]
  [1m[35mTag Load (0.3ms)[0m  SELECT  "tags".* FROM "tags" WHERE "tags"."id" = ? LIMIT 1  [["id", 3]]
  [1m[36mTag Load (0.2ms)[0m  [1mSELECT  "tags".* FROM "tags" WHERE "tags"."id" = ? LIMIT 1[0m  [["id", 5]]
  [1m[35mTag Load (0.1ms)[0m  SELECT  "tags".* FROM "tags" WHERE "tags"."id" = ? LIMIT 1  [["id", 4]]
  [1m[36mLicense Load (0.1ms)[0m  [1mSELECT  "licenses".* FROM "licenses" WHERE "licenses"."id" = ? LIMIT 1[0m  [["id", 2]]
  [1m[35mGameTag Load (0.1ms)[0m  SELECT "game_tags".* FROM "game_tags" WHERE "game_tags"."game_id" = ?  [["game_id", 2]]
  [1m[36mCACHE (0.0ms)[0m  [1mSELECT  "tags".* FROM "tags" WHERE "tags"."id" = ? LIMIT 1[0m  [["id", 5]]
  [1m[35mTag Load (0.1ms)[0m  SELECT  "tags".* FROM "tags" WHERE "tags"."id" = ? LIMIT 1  [["id", 1]]
  [1m[36mCACHE (0.0ms)[0m  [1mSELECT  "licenses".* FROM "licenses" WHERE "licenses"."id" = ? LIMIT 1[0m  [["id", 1]]
  [1m[35mGameTag Load (0.1ms)[0m  SELECT "game_tags".* FROM "game_tags" WHERE "game_tags"."game_id" = ?  [["game_id", 3]]
  [1m[36mTag Load (0.1ms)[0m  [1mSELECT  "tags".* FROM "tags" WHERE "tags"."id" = ? LIMIT 1[0m  [["id", 2]]
  [1m[35mCACHE (0.0ms)[0m  SELECT  "licenses".* FROM "licenses" WHERE "licenses"."id" = ? LIMIT 1  [["id", 1]]
  [1m[36mGameTag Load (0.1ms)[0m  [1mSELECT "game_tags".* FROM "game_tags" WHERE "game_tags"."game_id" = ?[0m  [["game_id", 4]]
  [1m[35mCACHE (0.0ms)[0m  SELECT  "licenses".* FROM "licenses" WHERE "licenses"."id" = ? LIMIT 1  [["id", 2]]
  [1m[36mGameTag Load (0.1ms)[0m  [1mSELECT "game_tags".* FROM "game_tags" WHERE "game_tags"."game_id" = ?[0m  [["game_id", 5]]
  Rendered games/index.html.erb within layouts/application (217.9ms)
  Rendered layouts/_top.html.erb (8.0ms)
  Rendered layouts/_sidebar.html.erb (2.6ms)
  Rendered layouts/_footer.html.erb (0.9ms)
Completed 200 OK in 696ms (Views: 369.9ms | ActiveRecord: 7.1ms)


Started GET "/games" for 127.0.0.1 at 2015-07-05 12:35:07 -0600
Processing by GamesController#index as HTML
  [1m[35mTag Load (0.3ms)[0m  SELECT "tags".* FROM "tags"
  [1m[36mGame Load (4.9ms)[0m  [1mSELECT "games".* FROM "games"[0m
  [1m[35mLicense Load (0.2ms)[0m  SELECT  "licenses".* FROM "licenses" WHERE "licenses"."id" = ? LIMIT 1  [["id", 1]]
  [1m[36mGameTag Load (0.1ms)[0m  [1mSELECT "game_tags".* FROM "game_tags" WHERE "game_tags"."game_id" = ?[0m  [["game_id", 1]]
  [1m[35mTag Load (0.1ms)[0m  SELECT  "tags".* FROM "tags" WHERE "tags"."id" = ? LIMIT 1  [["id", 3]]
  [1m[36mTag Load (0.1ms)[0m  [1mSELECT  "tags".* FROM "tags" WHERE "tags"."id" = ? LIMIT 1[0m  [["id", 5]]
  [1m[35mTag Load (0.1ms)[0m  SELECT  "tags".* FROM "tags" WHERE "tags"."id" = ? LIMIT 1  [["id", 4]]
  [1m[36mLicense Load (0.1ms)[0m  [1mSELECT  "licenses".* FROM "licenses" WHERE "licenses"."id" = ? LIMIT 1[0m  [["id", 2]]
  [1m[35mGameTag Load (0.1ms)[0m  SELECT "game_tags".* FROM "game_tags" WHERE "game_tags"."game_id" = ?  [["game_id", 2]]
  [1m[36mCACHE (0.0ms)[0m  [1mSELECT  "tags".* FROM "tags" WHERE "tags"."id" = ? LIMIT 1[0m  [["id", 5]]
  [1m[35mTag Load (0.1ms)[0m  SELECT  "tags".* FROM "tags" WHERE "tags"."id" = ? LIMIT 1  [["id", 1]]
  [1m[36mCACHE (0.0ms)[0m  [1mSELECT  "licenses".* FROM "licenses" WHERE "licenses"."id" = ? LIMIT 1[0m  [["id", 1]]
  [1m[35mGameTag Load (0.1ms)[0m  SELECT "game_tags".* FROM "game_tags" WHERE "game_tags"."game_id" = ?  [["game_id", 3]]
  [1m[36mTag Load (0.1ms)[0m  [1mSELECT  "tags".* FROM "tags" WHERE "tags"."id" = ? LIMIT 1[0m  [["id", 2]]
  [1m[35mCACHE (0.0ms)[0m  SELECT  "licenses".* FROM "licenses" WHERE "licenses"."id" = ? LIMIT 1  [["id", 1]]
  [1m[36mGameTag Load (0.1ms)[0m  [1mSELECT "game_tags".* FROM "game_tags" WHERE "game_tags"."game_id" = ?[0m  [["game_id", 4]]
  [1m[35mCACHE (0.0ms)[0m  SELECT  "licenses".* FROM "licenses" WHERE "licenses"."id" = ? LIMIT 1  [["id", 2]]
  [1m[36mGameTag Load (0.1ms)[0m  [1mSELECT "game_tags".* FROM "game_tags" WHERE "game_tags"."game_id" = ?[0m  [["game_id", 5]]
  Rendered games/index.html.erb within layouts/application (26.6ms)
  Rendered layouts/_top.html.erb (0.5ms)
  Rendered layouts/_sidebar.html.erb (0.7ms)
  Rendered layouts/_footer.html.erb (0.1ms)
Completed 200 OK in 34ms (Views: 26.7ms | ActiveRecord: 6.7ms)
